The CJS build of Vite's Node API is deprecated. See https://vite.dev/guide/troubleshooting.html#vite-cjs-node-api-deprecated for more details.

[1m[7m[36m RUN [39m[27m[22m [36mv2.1.9 [39m[90mC:/Users/t-eduardos/OneDrive - Microsoft/Desktop/UI sonar[39m

 [32mÔ£ô[39m test/signal-research/families.test.ts [2m([22m[2m31 tests[22m[2m)[22m[90m 55[2mms[22m[39m
stderr | test/memory/extractor.test.ts > extractMemoryFacts > returns insert_error when the supabase insert returns an error
[orca/memory/extractor] insert error { message: 'rls denied' }

 [32mÔ£ô[39m test/memory/extractor.test.ts [2m([22m[2m21 tests[22m[2m)[22m[90m 75[2mms[22m[39m
 [32mÔ£ô[39m test/orchestrator/tools.w3.test.ts [2m([22m[2m10 tests[22m[2m)[22m[90m 83[2mms[22m[39m
 [32mÔ£ô[39m test/renderers/renderers.test.ts [2m([22m[2m32 tests[22m[2m)[22m[90m 94[2mms[22m[39m
 [32mÔ£ô[39m test/personal/PersonalCopilotPanel.test.tsx [2m([22m[2m10 tests[22m[2m)[22m[33m 5083[2mms[22m[39m
   [33m[2mÔ£ô[22m[39m PersonalCopilotPanel[2m > [22msends user input to /api/chat with the bearer token and renders the reply [33m1388[2mms[22m[39m
   [33m[2mÔ£ô[22m[39m PersonalCopilotPanel[2m > [22mdoes not call the chat API when the user has no session [33m470[2mms[22m[39m
   [33m[2mÔ£ô[22m[39m PersonalCopilotPanel[2m > [22msurfaces a timeout-specific message when the chat API returns 504 [33m1246[2mms[22m[39m
   [33m[2mÔ£ô[22m[39m PersonalCopilotPanel[2m > [22msurfaces a rate-limit message when the chat API returns 429 [33m340[2mms[22m[39m
   [33m[2mÔ£ô[22m[39m PersonalCopilotPanel[2m > [22mrenders an actionable message when fetch itself rejects (no generic "Network error") [33m455[2mms[22m[39m
   [33m[2mÔ£ô[22m[39m PersonalCopilotPanel[2m > [22mforwards focusTicker into the request body when supplied [33m494[2mms[22m[39m
 [32mÔ£ô[39m test/orchestrator/fastWrite-integration.test.ts [2m([22m[2m5 tests[22m[2m)[22m[33m 8155[2mms[22m[39m
   [33m[2mÔ£ô[22m[39m runOrchestrator ÔÇö per-tool timeout (v4 ┬º5.2)[2m > [22mmarks a tool as failed when its registry executor never resolves [33m8051[2mms[22m[39m
 [32mÔ£ô[39m test/onboarding/OnboardingFlow.test.tsx [2m([22m[2m10 tests[22m[2m)[22m[33m 7190[2mms[22m[39m
   [33m[2mÔ£ô[22m[39m OnboardingFlow[2m > [22mrenders step 1 with the experience question and step counter [33m1209[2mms[22m[39m
   [33m[2mÔ£ô[22m[39m OnboardingFlow[2m > [22madvances through all 5 steps and upserts the full profile on Finish [33m2655[2mms[22m[39m
   [33m[2mÔ£ô[22m[39m OnboardingFlow[2m > [22mmulti-select toggles values on the preferred_chains step [33m1526[2mms[22m[39m
   [33m[2mÔ£ô[22m[39m OnboardingFlow[2m > [22mshows an error message when the upsert fails [33m1065[2mms[22m[39m
 [32mÔ£ô[39m test/orchestrator/runOrchestrator.test.ts [2m([22m[2m6 tests[22m[2m)[22m[90m 95[2mms[22m[39m
 [32mÔ£ô[39m test/personal/watchlist.test.ts [2m([22m[2m8 tests[22m[2m)[22m[90m 51[2mms[22m[39m
 [32mÔ£ô[39m test/personal/WalletsTab.test.tsx [2m([22m[2m9 tests[22m[2m)[22m[33m 5855[2mms[22m[39m
   [33m[2mÔ£ô[22m[39m WalletsTab[2m > [22mopens the add-wallet modal when Add is clicked [33m919[2mms[22m[39m
   [33m[2mÔ£ô[22m[39m WalletsTab[2m > [22mvalidates address shape before POSTing [33m1097[2mms[22m[39m
   [33m[2mÔ£ô[22m[39m WalletsTab[2m > [22mPOSTs a wallet when the form is valid and refetches [33m2786[2mms[22m[39m
   [33m[2mÔ£ô[22m[39m WalletsTab[2m > [22mtwo-step delete: first click arms, second click DELETEs [33m300[2mms[22m[39m
 [32mÔ£ô[39m test/personal/PersonalCopilotPanel-confirm.test.tsx [2m([22m[2m4 tests[22m[2m)[22m[33m 9120[2mms[22m[39m
   [33m[2mÔ£ô[22m[39m PersonalCopilotPanel ÔÇö confirm flow[2m > [22mrenders Confirm/Cancel buttons when the server returns a confirm payload [33m2451[2mms[22m[39m
   [33m[2mÔ£ô[22m[39m PersonalCopilotPanel ÔÇö confirm flow[2m > [22mclicking Confirm POSTs a second request with confirm.calls and renders the reply [33m1643[2mms[22m[39m
   [33m[2mÔ£ô[22m[39m PersonalCopilotPanel ÔÇö confirm flow[2m > [22mclicking Cancel dismisses the prompt without a second POST [33m1705[2mms[22m[39m
   [33m[2mÔ£ô[22m[39m PersonalCopilotPanel ÔÇö confirm flow[2m > [22mtyping a new message invalidates a pending confirm [33m3306[2mms[22m[39m
 [32mÔ£ô[39m test/personal/signals.test.ts [2m([22m[2m11 tests[22m[2m)[22m[33m 424[2mms[22m[39m
 [32mÔ£ô[39m test/migrations/user_profile_and_copilot_memory.test.ts [2m([22m[2m31 tests[22m[2m)[22m[33m 411[2mms[22m[39m
 [32mÔ£ô[39m test/orchestrator/tools.test.ts [2m([22m[2m11 tests[22m[2m)[22m[90m 84[2mms[22m[39m
 [32mÔ£ô[39m test/personal/FilteredSignalsPanel.test.tsx [2m([22m[2m7 tests[22m[2m)[22m[33m 2302[2mms[22m[39m
   [33m[2mÔ£ô[22m[39m FilteredSignalsPanel[2m > [22mshows the unauth state when no session [33m397[2mms[22m[39m
   [33m[2mÔ£ô[22m[39m FilteredSignalsPanel[2m > [22mrenders one row per signal with the right confidence and link [33m480[2mms[22m[39m
   [33m[2mÔ£ô[22m[39m FilteredSignalsPanel[2m > [22mshows an error banner on non-ok response [33m827[2mms[22m[39m
 [32mÔ£ô[39m test/personal/MemoryClient.test.tsx [2m([22m[2m7 tests[22m[2m)[22m[33m 5138[2mms[22m[39m
   [33m[2mÔ£ô[22m[39m MemoryClient[2m > [22mshows the sign-in empty state when there is no session [33m740[2mms[22m[39m
   [33m[2mÔ£ô[22m[39m MemoryClient[2m > [22mlists facts returned by the API and renders the delete-all button [33m1194[2mms[22m[39m
   [33m[2mÔ£ô[22m[39m MemoryClient[2m > [22mrenders the empty-state copy when facts list is empty [33m522[2mms[22m[39m
   [33m[2mÔ£ô[22m[39m MemoryClient[2m > [22mshows an error line when GET returns non-OK [33m661[2mms[22m[39m
   [33m[2mÔ£ô[22m[39m MemoryClient[2m > [22mdeleteOne calls DELETE with the id and removes the row on success [33m1089[2mms[22m[39m
   [33m[2mÔ£ô[22m[39m MemoryClient[2m > [22mdelete-all requires confirmation modal and sends x-confirm-delete-all header [33m840[2mms[22m[39m
 [32mÔ£ô[39m test/orchestrator/fastWrites.test.ts [2m([22m[2m34 tests[22m[2m)[22m[90m 171[2mms[22m[39m
 [32mÔ£ô[39m test/personal/PulseStrip.test.tsx [2m([22m[2m6 tests[22m[2m)[22m[33m 1400[2mms[22m[39m
   [33m[2mÔ£ô[22m[39m PulseStrip[2m > [22mrenders all four tiles with empty states when watchlist is empty [33m433[2mms[22m[39m
 [32mÔ£ô[39m test/orchestrator/router-planner.w3.test.ts [2m([22m[2m7 tests[22m[2m)[22m[90m 63[2mms[22m[39m
 [32mÔ£ô[39m test/personal/WatchlistPanel.test.tsx [2m([22m[2m5 tests[22m[2m)[22m[33m 2442[2mms[22m[39m
   [33m[2mÔ£ô[22m[39m WatchlistPanel[2m > [22mshows the unauth state when there is no session [33m511[2mms[22m[39m
   [33m[2mÔ£ô[22m[39m WatchlistPanel[2m > [22mshows the empty-state copy when the API returns no items [33m463[2mms[22m[39m
   [33m[2mÔ£ô[22m[39m WatchlistPanel[2m > [22mrenders one card per ticker with link to token page [33m1191[2mms[22m[39m
 [32mÔ£ô[39m test/orchestrator/router.test.ts [2m([22m[2m8 tests[22m[2m)[22m[33m 378[2mms[22m[39m
 [32mÔ£ô[39m test/renderers/renderers.w3.test.ts [2m([22m[2m14 tests[22m[2m)[22m[90m 182[2mms[22m[39m
 [32mÔ£ô[39m test/orchestrator/planner.test.ts [2m([22m[2m7 tests[22m[2m)[22m[90m 62[2mms[22m[39m
 [32mÔ£ô[39m test/trading/TradingComingSoon.test.tsx [2m([22m[2m7 tests[22m[2m)[22m[33m 584[2mms[22m[39m
 [32mÔ£ô[39m test/memory/route-html.test.ts [2m([22m[2m3 tests[22m[2m)[22m[33m 753[2mms[22m[39m
   [33m[2mÔ£ô[22m[39m GET /api/orca/memory ÔÇö HTML negotiation[2m > [22mreturns the inline HTML landing when an unauthenticated browser asks for text/html [33m711[2mms[22m[39m
 [32mÔ£ô[39m test/personal/CopilotPane.test.tsx [2m([22m[2m6 tests[22m[2m)[22m[33m 2646[2mms[22m[39m
   [33m[2mÔ£ô[22m[39m CopilotPane[2m > [22mrenders the no-focus chip when focus is null [33m780[2mms[22m[39m
   [33m[2mÔ£ô[22m[39m CopilotPane[2m > [22mrenders the context chip when focus is supplied and X clears it [33m563[2mms[22m[39m
   [33m[2mÔ£ô[22m[39m CopilotPane[2m > [22mforwards a ticker focus into the chat request body as focus_ticker [33m844[2mms[22m[39m
 [32mÔ£ô[39m test/personal/Tray.test.tsx [2m([22m[2m7 tests[22m[2m)[22m[33m 1885[2mms[22m[39m
   [33m[2mÔ£ô[22m[39m Tray[2m > [22mclicking a button opens the matching drawer [33m790[2mms[22m[39m
 [32mÔ£ô[39m test/personal/greetings.test.ts [2m([22m[2m6 tests[22m[2m)[22m[90m 45[2mms[22m[39m
 [32mÔ£ô[39m test/signal-research/metrics.test.ts [2m([22m[2m9 tests[22m[2m)[22m[90m 42[2mms[22m[39m
 [32mÔ£ô[39m test/orchestrator/guardrails.test.ts [2m([22m[2m8 tests[22m[2m)[22m[90m 50[2mms[22m[39m
 [32mÔ£ô[39m test/migrations/user_wallets.test.ts [2m([22m[2m8 tests[22m[2m)[22m[90m 39[2mms[22m[39m
 [32mÔ£ô[39m test/smoke.test.tsx [2m([22m[2m6 tests[22m[2m)[22m[90m 198[2mms[22m[39m
 [32mÔ£ô[39m test/migrations/signal_research_results.test.ts [2m([22m[2m7 tests[22m[2m)[22m[90m 38[2mms[22m[39m
 [32mÔ£ô[39m test/migrations/orca_traces.test.ts [2m([22m[2m6 tests[22m[2m)[22m[90m 27[2mms[22m[39m
 [32mÔ£ô[39m test/onboarding/useOnboardingGate.test.ts [2m([22m[2m10 tests[22m[2m)[22m[90m 53[2mms[22m[39m

[2m Test Files [22m [1m[32m35 passed[39m[22m[90m (35)[39m
[2m      Tests [22m [1m[32m377 passed[39m[22m[90m (377)[39m
[2m   Start at [22m 22:26:25
[2m   Duration [22m 184.20s[2m (transform 17.71s, setup 350.96s, collect 61.99s, tests 55.28s, environment 638.01s, prepare 66.72s)[22m

