The CJS build of Vite's Node API is deprecated. See https://vite.dev/guide/troubleshooting.html#vite-cjs-node-api-deprecated for more details.

[1m[7m[36m RUN [39m[27m[22m [36mv2.1.9 [39m[90mC:/Users/t-eduardos/OneDrive - Microsoft/Desktop/UI sonar[39m

 [32mÔ£ô[39m test/signal-research/families.test.ts [2m([22m[2m31 tests[22m[2m)[22m[90m 12[2mms[22m[39m
stderr | test/memory/extractor.test.ts > extractMemoryFacts > returns insert_error when the supabase insert returns an error
[orca/memory/extractor] insert error { message: 'rls denied' }

 [32mÔ£ô[39m test/memory/extractor.test.ts [2m([22m[2m21 tests[22m[2m)[22m[90m 22[2mms[22m[39m
stderr | test/api/orca/sessions.test.ts > GET /api/orca/sessions > returns 500 with opaque error on db failure (no leak)
[api/orca/sessions:GET] db error { message: 'inner detail' }

stderr | test/api/orca/sessions.test.ts > POST /api/orca/sessions > returns 500 on insert failure (no leak)
[api/orca/sessions:POST] db error { message: 'rls violation' }

 [32mÔ£ô[39m test/renderers/renderers.test.ts [2m([22m[2m32 tests[22m[2m)[22m[90m 23[2mms[22m[39m
 [32mÔ£ô[39m test/api/orca/sessions.test.ts [2m([22m[2m14 tests[22m[2m)[22m[33m 421[2mms[22m[39m
 [32mÔ£ô[39m test/orca/SessionList.test.tsx [2m([22m[2m10 tests[22m[2m)[22m[33m 1623[2mms[22m[39m
   [33m[2mÔ£ô[22m[39m SessionList[2m > [22mrenames a session on Enter and PATCHes /api/orca/sessions/{id} [33m413[2mms[22m[39m
   [33m[2mÔ£ô[22m[39m SessionList[2m > [22mcancels rename on Escape and does not PATCH [33m386[2mms[22m[39m
 [32mÔ£ô[39m test/orchestrator/tools.w3.test.ts [2m([22m[2m10 tests[22m[2m)[22m[90m 18[2mms[22m[39m
 [32mÔ£ô[39m test/orca/OrcaConversation.test.tsx [2m([22m[2m19 tests[22m[2m)[22m[33m 4814[2mms[22m[39m
   [33m[2mÔ£ô[22m[39m OrcaConversation ÔÇö atom[2m > [22msends user input to /api/chat with the bearer token and renders the reply [33m674[2mms[22m[39m
   [33m[2mÔ£ô[22m[39m OrcaConversation ÔÇö atom[2m > [22mtwo-trip confirmation (v4 ┬º5.3)[2m > [22mrenders Confirm + Cancel buttons when the orchestrator returns a confirm payload [33m484[2mms[22m[39m
   [33m[2mÔ£ô[22m[39m OrcaConversation ÔÇö atom[2m > [22mtwo-trip confirmation (v4 ┬º5.3)[2m > [22mConfirm click POSTs again with confirm.calls payload [33m563[2mms[22m[39m
   [33m[2mÔ£ô[22m[39m OrcaConversation ÔÇö atom[2m > [22mtwo-trip confirmation (v4 ┬º5.3)[2m > [22mCancel click renders a "nothing was changed" message and does NOT re-POST [33m306[2mms[22m[39m
   [33m[2mÔ£ô[22m[39m OrcaConversation ÔÇö atom[2m > [22mtwo-trip confirmation (v4 ┬º5.3)[2m > [22ma fresh user message clears any pending confirmation [33m594[2mms[22m[39m
   [33m[2mÔ£ô[22m[39m OrcaConversation ÔÇö atom[2m > [22mmini variant maxTurns[2m > [22mcalls onPromote instead of POSTing when maxTurns is reached [33m447[2mms[22m[39m
 [32mÔ£ô[39m test/orca/OrcaLauncher.test.tsx [2m([22m[2m18 tests[22m[2m)[22m[33m 517[2mms[22m[39m
 [32mÔ£ô[39m test/personal/WalletsTab.test.tsx [2m([22m[2m9 tests[22m[2m)[22m[33m 2645[2mms[22m[39m
   [33m[2mÔ£ô[22m[39m WalletsTab[2m > [22mopens the add-wallet modal when Add is clicked [33m467[2mms[22m[39m
   [33m[2mÔ£ô[22m[39m WalletsTab[2m > [22mvalidates address shape before POSTing [33m507[2mms[22m[39m
   [33m[2mÔ£ô[22m[39m WalletsTab[2m > [22mPOSTs a wallet when the form is valid and refetches [33m1145[2mms[22m[39m
 [32mÔ£ô[39m test/orchestrator/runOrchestrator.test.ts [2m([22m[2m6 tests[22m[2m)[22m[90m 35[2mms[22m[39m
 [32mÔ£ô[39m test/orchestrator/fastWrite-integration.test.ts [2m([22m[2m5 tests[22m[2m)[22m[33m 8037[2mms[22m[39m
   [33m[2mÔ£ô[22m[39m runOrchestrator ÔÇö per-tool timeout (v4 ┬º5.2)[2m > [22mmarks a tool as failed when its registry executor never resolves [33m8016[2mms[22m[39m
 [32mÔ£ô[39m test/onboarding/OnboardingFlow.test.tsx [2m([22m[2m10 tests[22m[2m)[22m[33m 3743[2mms[22m[39m
   [33m[2mÔ£ô[22m[39m OnboardingFlow[2m > [22mrenders step 1 with the experience question and step counter [33m434[2mms[22m[39m
   [33m[2mÔ£ô[22m[39m OnboardingFlow[2m > [22madvances through all 5 steps and upserts the full profile on Finish [33m1239[2mms[22m[39m
   [33m[2mÔ£ô[22m[39m OnboardingFlow[2m > [22mmulti-select toggles values on the preferred_chains step [33m818[2mms[22m[39m
   [33m[2mÔ£ô[22m[39m OnboardingFlow[2m > [22mshows an error message when the upsert fails [33m864[2mms[22m[39m
 [32mÔ£ô[39m test/personal/watchlist.test.ts [2m([22m[2m8 tests[22m[2m)[22m[90m 27[2mms[22m[39m
 [32mÔ£ô[39m test/migrations/user_profile_and_copilot_memory.test.ts [2m([22m[2m31 tests[22m[2m)[22m[90m 52[2mms[22m[39m
 [32mÔ£ô[39m test/personal/signals.test.ts [2m([22m[2m11 tests[22m[2m)[22m[90m 58[2mms[22m[39m
 [32mÔ£ô[39m test/orchestrator/tools.test.ts [2m([22m[2m11 tests[22m[2m)[22m[90m 30[2mms[22m[39m
stderr | test/orca/OrcaMini.test.tsx > OrcaMini > renders the card, header and conversation atom
Warning: An update to OrcaMini inside a test was not wrapped in act(...).

When testing, code that causes React state updates should be wrapped into act(...):

act(() => {
  /* fire events that update state */
});
/* assert on the output */

This ensures that you're testing the behavior the user would see in the browser. Learn more at https://reactjs.org/link/wrap-tests-with-act
    at OrcaMini (C:\Users\t-eduardos\OneDrive - Microsoft\Desktop\UI sonar\components\orca\OrcaMini.jsx:62:3)
Warning: An update to OrcaMini inside a test was not wrapped in act(...).

When testing, code that causes React state updates should be wrapped into act(...):

act(() => {
  /* fire events that update state */
});
/* assert on the output */

This ensures that you're testing the behavior the user would see in the browser. Learn more at https://reactjs.org/link/wrap-tests-with-act
    at OrcaMini (C:\Users\t-eduardos\OneDrive - Microsoft\Desktop\UI sonar\components\orca\OrcaMini.jsx:62:3)

 [32mÔ£ô[39m test/personal/FilteredSignalsPanel.test.tsx [2m([22m[2m7 tests[22m[2m)[22m[33m 542[2mms[22m[39m
 [32mÔ£ô[39m test/orca/OrcaMini.test.tsx [2m([22m[2m5 tests[22m[2m)[22m[33m 1717[2mms[22m[39m
   [33m[2mÔ£ô[22m[39m OrcaMini[2m > [22m"Open in Studio" pushes the router to /orca?session=<id> [33m417[2mms[22m[39m
   [33m[2mÔ£ô[22m[39m OrcaMini[2m > [22mpromotes to Studio when maxTurns is exceeded (via onPromote) [33m937[2mms[22m[39m
 [32mÔ£ô[39m test/personal/PulseStrip.test.tsx [2m([22m[2m6 tests[22m[2m)[22m[33m 432[2mms[22m[39m
 [32mÔ£ô[39m test/personal/MemoryClient.test.tsx [2m([22m[2m7 tests[22m[2m)[22m[33m 1387[2mms[22m[39m
   [33m[2mÔ£ô[22m[39m MemoryClient[2m > [22mshows the sign-in empty state when there is no session [33m324[2mms[22m[39m
   [33m[2mÔ£ô[22m[39m MemoryClient[2m > [22mlists facts returned by the API and renders the delete-all button [33m320[2mms[22m[39m
 [32mÔ£ô[39m test/orca/ToolInspector.test.tsx [2m([22m[2m5 tests[22m[2m)[22m[33m 341[2mms[22m[39m
 [32mÔ£ô[39m test/orca/OrcaStudioClient.test.tsx [2m([22m[2m4 tests[22m[2m)[22m[33m 932[2mms[22m[39m
   [33m[2mÔ£ô[22m[39m OrcaStudioClient[2m > [22mclicking Start creates a new session and updates the URL [33m351[2mms[22m[39m
 [32mÔ£ô[39m test/orchestrator/fastWrites.test.ts [2m([22m[2m34 tests[22m[2m)[22m[90m 53[2mms[22m[39m
 [32mÔ£ô[39m test/personal/WatchlistPanel.test.tsx [2m([22m[2m5 tests[22m[2m)[22m[33m 519[2mms[22m[39m
 [32mÔ£ô[39m test/orchestrator/router-planner.w3.test.ts [2m([22m[2m7 tests[22m[2m)[22m[90m 30[2mms[22m[39m
 [32mÔ£ô[39m test/orca/useOrcaDrawer.test.tsx [2m([22m[2m8 tests[22m[2m)[22m[90m 120[2mms[22m[39m
 [32mÔ£ô[39m test/orchestrator/router.test.ts [2m([22m[2m8 tests[22m[2m)[22m[90m 24[2mms[22m[39m
 [32mÔ£ô[39m test/migrations/orca_sessions.test.ts [2m([22m[2m16 tests[22m[2m)[22m[90m 29[2mms[22m[39m
 [32mÔ£ô[39m test/orca/OrcaDrawer.test.tsx [2m([22m[2m7 tests[22m[2m)[22m[33m 981[2mms[22m[39m
   [33m[2mÔ£ô[22m[39m OrcaDrawer[2m > [22mClose button closes the drawer (data-open=false) [33m405[2mms[22m[39m
 [32mÔ£ô[39m test/renderers/renderers.w3.test.ts [2m([22m[2m14 tests[22m[2m)[22m[90m 24[2mms[22m[39m
 [32mÔ£ô[39m test/orchestrator/planner.test.ts [2m([22m[2m7 tests[22m[2m)[22m[90m 33[2mms[22m[39m
 [32mÔ£ô[39m test/trading/TradingComingSoon.test.tsx [2m([22m[2m7 tests[22m[2m)[22m[33m 377[2mms[22m[39m
 [32mÔ£ô[39m test/orca/useOrcaContext.test.ts [2m([22m[2m10 tests[22m[2m)[22m[90m 28[2mms[22m[39m
 [32mÔ£ô[39m test/memory/route-html.test.ts [2m([22m[2m3 tests[22m[2m)[22m[33m 583[2mms[22m[39m
   [33m[2mÔ£ô[22m[39m GET /api/orca/memory ÔÇö HTML negotiation[2m > [22mreturns the inline HTML landing when an unauthenticated browser asks for text/html [33m563[2mms[22m[39m
 [32mÔ£ô[39m test/personal/greetings.test.ts [2m([22m[2m6 tests[22m[2m)[22m[90m 23[2mms[22m[39m
 [32mÔ£ô[39m test/signal-research/metrics.test.ts [2m([22m[2m9 tests[22m[2m)[22m[90m 33[2mms[22m[39m
 [32mÔ£ô[39m test/orchestrator/guardrails.test.ts [2m([22m[2m8 tests[22m[2m)[22m[90m 35[2mms[22m[39m
 [32mÔ£ô[39m test/migrations/user_wallets.test.ts [2m([22m[2m8 tests[22m[2m)[22m[90m 27[2mms[22m[39m
 [32mÔ£ô[39m test/smoke.test.tsx [2m([22m[2m6 tests[22m[2m)[22m[90m 200[2mms[22m[39m
 [32mÔ£ô[39m test/migrations/signal_research_results.test.ts [2m([22m[2m7 tests[22m[2m)[22m[90m 33[2mms[22m[39m
 [32mÔ£ô[39m test/onboarding/useOnboardingGate.test.ts [2m([22m[2m10 tests[22m[2m)[22m[90m 40[2mms[22m[39m
 [32mÔ£ô[39m test/migrations/orca_traces.test.ts [2m([22m[2m6 tests[22m[2m)[22m[90m 16[2mms[22m[39m
 [32mÔ£ô[39m test/orca/SonarPulse.test.tsx [2m([22m[2m3 tests[22m[2m)[22m[90m 166[2mms[22m[39m

[2m Test Files [22m [1m[32m43 passed[39m[22m[90m (43)[39m
[2m      Tests [22m [1m[32m469 passed[39m[22m[90m (469)[39m
[2m   Start at [22m 14:33:20
[2m   Duration [22m 80.12s[2m (transform 5.68s, setup 124.60s, collect 20.84s, tests 30.80s, environment 258.25s, prepare 31.87s)[22m

